{"/Users/lnatali/projects/leo/ddd-patterns/src/entity/address.ts": {"path":"/Users/lnatali/projects/leo/ddd-patterns/src/entity/address.ts","all":false,"statementMap":{"0":{"start":{"line":1,"column":0},"end":{"line":1,"column":30}},"1":{"start":{"line":2,"column":0},"end":{"line":2,"column":23}},"2":{"start":{"line":3,"column":0},"end":{"line":3,"column":23}},"3":{"start":{"line":4,"column":0},"end":{"line":4,"column":20}},"4":{"start":{"line":5,"column":0},"end":{"line":5,"column":21}},"5":{"start":{"line":6,"column":0},"end":{"line":6,"column":0}},"6":{"start":{"line":7,"column":0},"end":{"line":7,"column":75}},"7":{"start":{"line":8,"column":0},"end":{"line":8,"column":22}},"8":{"start":{"line":9,"column":0},"end":{"line":9,"column":22}},"9":{"start":{"line":10,"column":0},"end":{"line":10,"column":16}},"10":{"start":{"line":11,"column":0},"end":{"line":11,"column":18}},"11":{"start":{"line":12,"column":0},"end":{"line":12,"column":0}},"12":{"start":{"line":13,"column":0},"end":{"line":13,"column":17}},"13":{"start":{"line":14,"column":0},"end":{"line":14,"column":2}},"14":{"start":{"line":15,"column":0},"end":{"line":15,"column":0}},"15":{"start":{"line":16,"column":0},"end":{"line":16,"column":20}},"16":{"start":{"line":17,"column":0},"end":{"line":17,"column":33}},"17":{"start":{"line":18,"column":0},"end":{"line":18,"column":40}},"18":{"start":{"line":19,"column":0},"end":{"line":19,"column":3}},"19":{"start":{"line":20,"column":0},"end":{"line":20,"column":33}},"20":{"start":{"line":21,"column":0},"end":{"line":21,"column":40}},"21":{"start":{"line":22,"column":0},"end":{"line":22,"column":3}},"22":{"start":{"line":23,"column":0},"end":{"line":23,"column":30}},"23":{"start":{"line":24,"column":0},"end":{"line":24,"column":37}},"24":{"start":{"line":25,"column":0},"end":{"line":25,"column":3}},"25":{"start":{"line":26,"column":0},"end":{"line":26,"column":31}},"26":{"start":{"line":27,"column":0},"end":{"line":27,"column":38}},"27":{"start":{"line":28,"column":0},"end":{"line":28,"column":3}},"28":{"start":{"line":29,"column":0},"end":{"line":29,"column":2}},"29":{"start":{"line":30,"column":0},"end":{"line":30,"column":1}}},"s":{"0":1,"1":6,"2":6,"3":6,"4":6,"5":6,"6":6,"7":6,"8":6,"9":6,"10":6,"11":6,"12":6,"13":6,"14":6,"15":6,"16":6,"17":1,"18":1,"19":6,"20":1,"21":1,"22":6,"23":1,"24":1,"25":6,"26":1,"27":1,"28":6,"29":6},"branchMap":{"0":{"type":"branch","line":1,"loc":{"start":{"line":1,"column":15},"end":{"line":30,"column":1}},"locations":[{"start":{"line":1,"column":15},"end":{"line":30,"column":1}}]},"1":{"type":"branch","line":7,"loc":{"start":{"line":7,"column":1},"end":{"line":14,"column":2}},"locations":[{"start":{"line":7,"column":1},"end":{"line":14,"column":2}}]},"2":{"type":"branch","line":16,"loc":{"start":{"line":16,"column":1},"end":{"line":29,"column":2}},"locations":[{"start":{"line":16,"column":1},"end":{"line":29,"column":2}}]},"3":{"type":"branch","line":17,"loc":{"start":{"line":17,"column":32},"end":{"line":19,"column":3}},"locations":[{"start":{"line":17,"column":32},"end":{"line":19,"column":3}}]},"4":{"type":"branch","line":19,"loc":{"start":{"line":19,"column":2},"end":{"line":20,"column":32}},"locations":[{"start":{"line":19,"column":2},"end":{"line":20,"column":32}}]},"5":{"type":"branch","line":20,"loc":{"start":{"line":20,"column":32},"end":{"line":22,"column":3}},"locations":[{"start":{"line":20,"column":32},"end":{"line":22,"column":3}}]},"6":{"type":"branch","line":22,"loc":{"start":{"line":22,"column":2},"end":{"line":23,"column":29}},"locations":[{"start":{"line":22,"column":2},"end":{"line":23,"column":29}}]},"7":{"type":"branch","line":23,"loc":{"start":{"line":23,"column":29},"end":{"line":25,"column":3}},"locations":[{"start":{"line":23,"column":29},"end":{"line":25,"column":3}}]},"8":{"type":"branch","line":25,"loc":{"start":{"line":25,"column":2},"end":{"line":26,"column":30}},"locations":[{"start":{"line":25,"column":2},"end":{"line":26,"column":30}}]},"9":{"type":"branch","line":26,"loc":{"start":{"line":26,"column":30},"end":{"line":28,"column":3}},"locations":[{"start":{"line":26,"column":30},"end":{"line":28,"column":3}}]}},"b":{"0":[6],"1":[6],"2":[6],"3":[1],"4":[5],"5":[1],"6":[4],"7":[1],"8":[3],"9":[1]},"fnMap":{"0":{"name":"<instance_members_initializer>","decl":{"start":{"line":1,"column":15},"end":{"line":30,"column":1}},"loc":{"start":{"line":1,"column":15},"end":{"line":30,"column":1}},"line":1},"1":{"name":"Address","decl":{"start":{"line":7,"column":1},"end":{"line":14,"column":2}},"loc":{"start":{"line":7,"column":1},"end":{"line":14,"column":2}},"line":7},"2":{"name":"validate","decl":{"start":{"line":16,"column":1},"end":{"line":29,"column":2}},"loc":{"start":{"line":16,"column":1},"end":{"line":29,"column":2}},"line":16}},"f":{"0":6,"1":6,"2":6}}
,"/Users/lnatali/projects/leo/ddd-patterns/src/entity/customer.ts": {"path":"/Users/lnatali/projects/leo/ddd-patterns/src/entity/customer.ts","all":false,"statementMap":{"0":{"start":{"line":1,"column":0},"end":{"line":1,"column":31}},"1":{"start":{"line":2,"column":0},"end":{"line":2,"column":0}},"2":{"start":{"line":3,"column":0},"end":{"line":3,"column":31}},"3":{"start":{"line":4,"column":0},"end":{"line":4,"column":19}},"4":{"start":{"line":5,"column":0},"end":{"line":5,"column":21}},"5":{"start":{"line":6,"column":0},"end":{"line":6,"column":24}},"6":{"start":{"line":7,"column":0},"end":{"line":7,"column":26}},"7":{"start":{"line":8,"column":0},"end":{"line":8,"column":0}},"8":{"start":{"line":9,"column":0},"end":{"line":9,"column":41}},"9":{"start":{"line":10,"column":0},"end":{"line":10,"column":14}},"10":{"start":{"line":11,"column":0},"end":{"line":11,"column":18}},"11":{"start":{"line":12,"column":0},"end":{"line":12,"column":21}},"12":{"start":{"line":13,"column":0},"end":{"line":13,"column":2}},"13":{"start":{"line":14,"column":0},"end":{"line":14,"column":17}},"14":{"start":{"line":15,"column":0},"end":{"line":15,"column":2}},"15":{"start":{"line":16,"column":0},"end":{"line":16,"column":0}},"16":{"start":{"line":17,"column":0},"end":{"line":17,"column":20}},"17":{"start":{"line":18,"column":0},"end":{"line":18,"column":29}},"18":{"start":{"line":19,"column":0},"end":{"line":19,"column":36}},"19":{"start":{"line":20,"column":0},"end":{"line":20,"column":3}},"20":{"start":{"line":21,"column":0},"end":{"line":21,"column":31}},"21":{"start":{"line":22,"column":0},"end":{"line":22,"column":38}},"22":{"start":{"line":23,"column":0},"end":{"line":23,"column":3}},"23":{"start":{"line":24,"column":0},"end":{"line":24,"column":2}},"24":{"start":{"line":25,"column":0},"end":{"line":25,"column":0}},"25":{"start":{"line":26,"column":0},"end":{"line":26,"column":28}},"26":{"start":{"line":27,"column":0},"end":{"line":27,"column":18}},"27":{"start":{"line":28,"column":0},"end":{"line":28,"column":17}},"28":{"start":{"line":29,"column":0},"end":{"line":29,"column":2}},"29":{"start":{"line":30,"column":0},"end":{"line":30,"column":0}},"30":{"start":{"line":31,"column":0},"end":{"line":31,"column":23}},"31":{"start":{"line":32,"column":0},"end":{"line":32,"column":18}},"32":{"start":{"line":33,"column":0},"end":{"line":33,"column":2}},"33":{"start":{"line":34,"column":0},"end":{"line":34,"column":0}},"34":{"start":{"line":35,"column":0},"end":{"line":35,"column":33}},"35":{"start":{"line":36,"column":0},"end":{"line":36,"column":24}},"36":{"start":{"line":37,"column":0},"end":{"line":37,"column":2}},"37":{"start":{"line":38,"column":0},"end":{"line":38,"column":0}},"38":{"start":{"line":39,"column":0},"end":{"line":39,"column":27}},"39":{"start":{"line":40,"column":0},"end":{"line":40,"column":20}},"40":{"start":{"line":41,"column":0},"end":{"line":41,"column":2}},"41":{"start":{"line":42,"column":0},"end":{"line":42,"column":0}},"42":{"start":{"line":43,"column":0},"end":{"line":43,"column":20}},"43":{"start":{"line":44,"column":0},"end":{"line":44,"column":22}},"44":{"start":{"line":45,"column":0},"end":{"line":45,"column":67}},"45":{"start":{"line":46,"column":0},"end":{"line":46,"column":3}},"46":{"start":{"line":47,"column":0},"end":{"line":47,"column":0}},"47":{"start":{"line":48,"column":0},"end":{"line":48,"column":20}},"48":{"start":{"line":49,"column":0},"end":{"line":49,"column":2}},"49":{"start":{"line":50,"column":0},"end":{"line":50,"column":0}},"50":{"start":{"line":51,"column":0},"end":{"line":51,"column":22}},"51":{"start":{"line":52,"column":0},"end":{"line":52,"column":21}},"52":{"start":{"line":53,"column":0},"end":{"line":53,"column":2}},"53":{"start":{"line":54,"column":0},"end":{"line":54,"column":1}}},"s":{"0":1,"1":1,"2":1,"3":7,"4":7,"5":7,"6":7,"7":7,"8":7,"9":7,"10":7,"11":7,"12":7,"13":7,"14":7,"15":7,"16":7,"17":9,"18":1,"19":1,"20":9,"21":2,"22":2,"23":9,"24":7,"25":7,"26":2,"27":2,"28":2,"29":7,"30":7,"31":1,"32":1,"33":7,"34":7,"35":1,"36":1,"37":7,"38":7,"39":2,"40":2,"41":7,"42":7,"43":2,"44":1,"45":1,"46":1,"47":1,"48":1,"49":7,"50":7,"51":2,"52":2,"53":7},"branchMap":{"0":{"type":"branch","line":3,"loc":{"start":{"line":3,"column":15},"end":{"line":54,"column":1}},"locations":[{"start":{"line":3,"column":15},"end":{"line":54,"column":1}}]},"1":{"type":"branch","line":9,"loc":{"start":{"line":9,"column":1},"end":{"line":15,"column":2}},"locations":[{"start":{"line":9,"column":1},"end":{"line":15,"column":2}}]},"2":{"type":"branch","line":17,"loc":{"start":{"line":17,"column":1},"end":{"line":24,"column":2}},"locations":[{"start":{"line":17,"column":1},"end":{"line":24,"column":2}}]},"3":{"type":"branch","line":18,"loc":{"start":{"line":18,"column":28},"end":{"line":20,"column":3}},"locations":[{"start":{"line":18,"column":28},"end":{"line":20,"column":3}}]},"4":{"type":"branch","line":20,"loc":{"start":{"line":20,"column":2},"end":{"line":21,"column":30}},"locations":[{"start":{"line":20,"column":2},"end":{"line":21,"column":30}}]},"5":{"type":"branch","line":21,"loc":{"start":{"line":21,"column":30},"end":{"line":23,"column":3}},"locations":[{"start":{"line":21,"column":30},"end":{"line":23,"column":3}}]},"6":{"type":"branch","line":26,"loc":{"start":{"line":26,"column":1},"end":{"line":29,"column":2}},"locations":[{"start":{"line":26,"column":1},"end":{"line":29,"column":2}}]},"7":{"type":"branch","line":31,"loc":{"start":{"line":31,"column":1},"end":{"line":33,"column":2}},"locations":[{"start":{"line":31,"column":1},"end":{"line":33,"column":2}}]},"8":{"type":"branch","line":35,"loc":{"start":{"line":35,"column":1},"end":{"line":37,"column":2}},"locations":[{"start":{"line":35,"column":1},"end":{"line":37,"column":2}}]},"9":{"type":"branch","line":39,"loc":{"start":{"line":39,"column":1},"end":{"line":41,"column":2}},"locations":[{"start":{"line":39,"column":1},"end":{"line":41,"column":2}}]},"10":{"type":"branch","line":43,"loc":{"start":{"line":43,"column":1},"end":{"line":49,"column":2}},"locations":[{"start":{"line":43,"column":1},"end":{"line":49,"column":2}}]},"11":{"type":"branch","line":44,"loc":{"start":{"line":44,"column":21},"end":{"line":49,"column":2}},"locations":[{"start":{"line":44,"column":21},"end":{"line":49,"column":2}}]},"12":{"type":"branch","line":51,"loc":{"start":{"line":51,"column":1},"end":{"line":53,"column":2}},"locations":[{"start":{"line":51,"column":1},"end":{"line":53,"column":2}}]}},"b":{"0":[7],"1":[7],"2":[9],"3":[1],"4":[8],"5":[2],"6":[2],"7":[1],"8":[1],"9":[2],"10":[2],"11":[1],"12":[2]},"fnMap":{"0":{"name":"<instance_members_initializer>","decl":{"start":{"line":3,"column":15},"end":{"line":54,"column":1}},"loc":{"start":{"line":3,"column":15},"end":{"line":54,"column":1}},"line":3},"1":{"name":"Customer","decl":{"start":{"line":9,"column":1},"end":{"line":15,"column":2}},"loc":{"start":{"line":9,"column":1},"end":{"line":15,"column":2}},"line":9},"2":{"name":"validate","decl":{"start":{"line":17,"column":1},"end":{"line":24,"column":2}},"loc":{"start":{"line":17,"column":1},"end":{"line":24,"column":2}},"line":17},"3":{"name":"ChangeName","decl":{"start":{"line":26,"column":1},"end":{"line":29,"column":2}},"loc":{"start":{"line":26,"column":1},"end":{"line":29,"column":2}},"line":26},"4":{"name":"get Name","decl":{"start":{"line":31,"column":1},"end":{"line":33,"column":2}},"loc":{"start":{"line":31,"column":1},"end":{"line":33,"column":2}},"line":31},"5":{"name":"set Address","decl":{"start":{"line":35,"column":1},"end":{"line":37,"column":2}},"loc":{"start":{"line":35,"column":1},"end":{"line":37,"column":2}},"line":35},"6":{"name":"get IsActive","decl":{"start":{"line":39,"column":1},"end":{"line":41,"column":2}},"loc":{"start":{"line":39,"column":1},"end":{"line":41,"column":2}},"line":39},"7":{"name":"Activate","decl":{"start":{"line":43,"column":1},"end":{"line":49,"column":2}},"loc":{"start":{"line":43,"column":1},"end":{"line":49,"column":2}},"line":43},"8":{"name":"Deactivate","decl":{"start":{"line":51,"column":1},"end":{"line":53,"column":2}},"loc":{"start":{"line":51,"column":1},"end":{"line":53,"column":2}},"line":51}},"f":{"0":7,"1":7,"2":9,"3":2,"4":1,"5":1,"6":2,"7":2,"8":2}}
,"/Users/lnatali/projects/leo/ddd-patterns/src/entity/order.ts": {"path":"/Users/lnatali/projects/leo/ddd-patterns/src/entity/order.ts","all":false,"statementMap":{"0":{"start":{"line":1,"column":0},"end":{"line":1,"column":36}},"1":{"start":{"line":2,"column":0},"end":{"line":2,"column":0}},"2":{"start":{"line":3,"column":0},"end":{"line":3,"column":28}},"3":{"start":{"line":4,"column":0},"end":{"line":4,"column":19}},"4":{"start":{"line":5,"column":0},"end":{"line":5,"column":27}},"5":{"start":{"line":6,"column":0},"end":{"line":6,"column":32}},"6":{"start":{"line":7,"column":0},"end":{"line":7,"column":22}},"7":{"start":{"line":8,"column":0},"end":{"line":8,"column":0}},"8":{"start":{"line":9,"column":0},"end":{"line":9,"column":66}},"9":{"start":{"line":10,"column":0},"end":{"line":10,"column":14}},"10":{"start":{"line":11,"column":0},"end":{"line":11,"column":30}},"11":{"start":{"line":12,"column":0},"end":{"line":12,"column":21}},"12":{"start":{"line":13,"column":0},"end":{"line":13,"column":68}},"13":{"start":{"line":14,"column":0},"end":{"line":14,"column":0}},"14":{"start":{"line":15,"column":0},"end":{"line":15,"column":17}},"15":{"start":{"line":16,"column":0},"end":{"line":16,"column":2}},"16":{"start":{"line":17,"column":0},"end":{"line":17,"column":0}},"17":{"start":{"line":18,"column":0},"end":{"line":18,"column":19}},"18":{"start":{"line":19,"column":0},"end":{"line":19,"column":29}},"19":{"start":{"line":20,"column":0},"end":{"line":20,"column":36}},"20":{"start":{"line":21,"column":0},"end":{"line":21,"column":3}},"21":{"start":{"line":22,"column":0},"end":{"line":22,"column":0}},"22":{"start":{"line":23,"column":0},"end":{"line":23,"column":37}},"23":{"start":{"line":24,"column":0},"end":{"line":24,"column":45}},"24":{"start":{"line":25,"column":0},"end":{"line":25,"column":3}},"25":{"start":{"line":26,"column":0},"end":{"line":26,"column":0}},"26":{"start":{"line":27,"column":0},"end":{"line":27,"column":32}},"27":{"start":{"line":28,"column":0},"end":{"line":28,"column":51}},"28":{"start":{"line":29,"column":0},"end":{"line":29,"column":3}},"29":{"start":{"line":30,"column":0},"end":{"line":30,"column":2}},"30":{"start":{"line":31,"column":0},"end":{"line":31,"column":0}},"31":{"start":{"line":32,"column":0},"end":{"line":32,"column":22}},"32":{"start":{"line":33,"column":0},"end":{"line":33,"column":19}},"33":{"start":{"line":34,"column":0},"end":{"line":34,"column":2}},"34":{"start":{"line":35,"column":0},"end":{"line":35,"column":1}}},"s":{"0":1,"1":1,"2":1,"3":4,"4":4,"5":4,"6":4,"7":4,"8":4,"9":4,"10":4,"11":4,"12":4,"13":4,"14":4,"15":4,"16":4,"17":4,"18":4,"19":1,"20":1,"21":3,"22":4,"23":1,"24":1,"25":2,"26":4,"27":1,"28":1,"29":4,"30":4,"31":4,"32":1,"33":1,"34":4},"branchMap":{"0":{"type":"branch","line":3,"loc":{"start":{"line":3,"column":15},"end":{"line":35,"column":1}},"locations":[{"start":{"line":3,"column":15},"end":{"line":35,"column":1}}]},"1":{"type":"branch","line":9,"loc":{"start":{"line":9,"column":1},"end":{"line":16,"column":2}},"locations":[{"start":{"line":9,"column":1},"end":{"line":16,"column":2}}]},"2":{"type":"branch","line":13,"loc":{"start":{"line":13,"column":28},"end":{"line":13,"column":63}},"locations":[{"start":{"line":13,"column":28},"end":{"line":13,"column":63}}]},"3":{"type":"branch","line":18,"loc":{"start":{"line":18,"column":1},"end":{"line":30,"column":2}},"locations":[{"start":{"line":18,"column":1},"end":{"line":30,"column":2}}]},"4":{"type":"branch","line":19,"loc":{"start":{"line":19,"column":28},"end":{"line":21,"column":3}},"locations":[{"start":{"line":19,"column":28},"end":{"line":21,"column":3}}]},"5":{"type":"branch","line":21,"loc":{"start":{"line":21,"column":2},"end":{"line":23,"column":36}},"locations":[{"start":{"line":21,"column":2},"end":{"line":23,"column":36}}]},"6":{"type":"branch","line":23,"loc":{"start":{"line":23,"column":36},"end":{"line":25,"column":3}},"locations":[{"start":{"line":23,"column":36},"end":{"line":25,"column":3}}]},"7":{"type":"branch","line":25,"loc":{"start":{"line":25,"column":2},"end":{"line":27,"column":31}},"locations":[{"start":{"line":25,"column":2},"end":{"line":27,"column":31}}]},"8":{"type":"branch","line":27,"loc":{"start":{"line":27,"column":31},"end":{"line":29,"column":3}},"locations":[{"start":{"line":27,"column":31},"end":{"line":29,"column":3}}]},"9":{"type":"branch","line":32,"loc":{"start":{"line":32,"column":1},"end":{"line":34,"column":2}},"locations":[{"start":{"line":32,"column":1},"end":{"line":34,"column":2}}]}},"b":{"0":[4],"1":[4],"2":[2],"3":[4],"4":[1],"5":[3],"6":[1],"7":[2],"8":[1],"9":[1]},"fnMap":{"0":{"name":"<instance_members_initializer>","decl":{"start":{"line":3,"column":15},"end":{"line":35,"column":1}},"loc":{"start":{"line":3,"column":15},"end":{"line":35,"column":1}},"line":3},"1":{"name":"Order","decl":{"start":{"line":9,"column":1},"end":{"line":16,"column":2}},"loc":{"start":{"line":9,"column":1},"end":{"line":16,"column":2}},"line":9},"2":{"name":"validate","decl":{"start":{"line":18,"column":1},"end":{"line":30,"column":2}},"loc":{"start":{"line":18,"column":1},"end":{"line":30,"column":2}},"line":18},"3":{"name":"get Total","decl":{"start":{"line":32,"column":1},"end":{"line":34,"column":2}},"loc":{"start":{"line":32,"column":1},"end":{"line":34,"column":2}},"line":32}},"f":{"0":4,"1":4,"2":4,"3":1}}
,"/Users/lnatali/projects/leo/ddd-patterns/src/entity/order_item.ts": {"path":"/Users/lnatali/projects/leo/ddd-patterns/src/entity/order_item.ts","all":false,"statementMap":{"0":{"start":{"line":1,"column":0},"end":{"line":1,"column":32}},"1":{"start":{"line":2,"column":0},"end":{"line":2,"column":19}},"2":{"start":{"line":3,"column":0},"end":{"line":3,"column":21}},"3":{"start":{"line":4,"column":0},"end":{"line":4,"column":22}},"4":{"start":{"line":5,"column":0},"end":{"line":5,"column":0}},"5":{"start":{"line":6,"column":0},"end":{"line":6,"column":54}},"6":{"start":{"line":7,"column":0},"end":{"line":7,"column":14}},"7":{"start":{"line":8,"column":0},"end":{"line":8,"column":19}},"8":{"start":{"line":9,"column":0},"end":{"line":9,"column":20}},"9":{"start":{"line":10,"column":0},"end":{"line":10,"column":0}},"10":{"start":{"line":11,"column":0},"end":{"line":11,"column":17}},"11":{"start":{"line":12,"column":0},"end":{"line":12,"column":2}},"12":{"start":{"line":13,"column":0},"end":{"line":13,"column":0}},"13":{"start":{"line":14,"column":0},"end":{"line":14,"column":19}},"14":{"start":{"line":15,"column":0},"end":{"line":15,"column":36}},"15":{"start":{"line":16,"column":0},"end":{"line":16,"column":36}},"16":{"start":{"line":17,"column":0},"end":{"line":17,"column":3}},"17":{"start":{"line":18,"column":0},"end":{"line":18,"column":2}},"18":{"start":{"line":19,"column":0},"end":{"line":19,"column":38}},"19":{"start":{"line":20,"column":0},"end":{"line":20,"column":38}},"20":{"start":{"line":21,"column":0},"end":{"line":21,"column":3}},"21":{"start":{"line":22,"column":0},"end":{"line":22,"column":2}},"22":{"start":{"line":23,"column":0},"end":{"line":23,"column":24}},"23":{"start":{"line":24,"column":0},"end":{"line":24,"column":50}},"24":{"start":{"line":25,"column":0},"end":{"line":25,"column":3}},"25":{"start":{"line":26,"column":0},"end":{"line":26,"column":2}},"26":{"start":{"line":27,"column":0},"end":{"line":27,"column":0}},"27":{"start":{"line":28,"column":0},"end":{"line":28,"column":23}},"28":{"start":{"line":29,"column":0},"end":{"line":29,"column":19}},"29":{"start":{"line":30,"column":0},"end":{"line":30,"column":2}},"30":{"start":{"line":31,"column":0},"end":{"line":31,"column":0}},"31":{"start":{"line":32,"column":0},"end":{"line":32,"column":19}},"32":{"start":{"line":33,"column":0},"end":{"line":33,"column":16}},"33":{"start":{"line":34,"column":0},"end":{"line":34,"column":2}},"34":{"start":{"line":35,"column":0},"end":{"line":35,"column":0}},"35":{"start":{"line":36,"column":0},"end":{"line":36,"column":21}},"36":{"start":{"line":37,"column":0},"end":{"line":37,"column":18}},"37":{"start":{"line":38,"column":0},"end":{"line":38,"column":2}},"38":{"start":{"line":39,"column":0},"end":{"line":39,"column":1}}},"s":{"0":1,"1":7,"2":7,"3":7,"4":7,"5":7,"6":7,"7":7,"8":7,"9":7,"10":7,"11":7,"12":7,"13":7,"14":7,"15":1,"16":1,"17":6,"18":7,"19":1,"20":1,"21":5,"22":7,"23":2,"24":2,"25":7,"26":7,"27":7,"28":3,"29":3,"30":7,"31":7,"32":1,"33":1,"34":7,"35":7,"36":1,"37":1,"38":7},"branchMap":{"0":{"type":"branch","line":1,"loc":{"start":{"line":1,"column":15},"end":{"line":39,"column":1}},"locations":[{"start":{"line":1,"column":15},"end":{"line":39,"column":1}}]},"1":{"type":"branch","line":6,"loc":{"start":{"line":6,"column":1},"end":{"line":12,"column":2}},"locations":[{"start":{"line":6,"column":1},"end":{"line":12,"column":2}}]},"2":{"type":"branch","line":14,"loc":{"start":{"line":14,"column":1},"end":{"line":26,"column":2}},"locations":[{"start":{"line":14,"column":1},"end":{"line":26,"column":2}}]},"3":{"type":"branch","line":15,"loc":{"start":{"line":15,"column":35},"end":{"line":17,"column":3}},"locations":[{"start":{"line":15,"column":35},"end":{"line":17,"column":3}}]},"4":{"type":"branch","line":17,"loc":{"start":{"line":17,"column":2},"end":{"line":19,"column":37}},"locations":[{"start":{"line":17,"column":2},"end":{"line":19,"column":37}}]},"5":{"type":"branch","line":19,"loc":{"start":{"line":19,"column":37},"end":{"line":21,"column":3}},"locations":[{"start":{"line":19,"column":37},"end":{"line":21,"column":3}}]},"6":{"type":"branch","line":21,"loc":{"start":{"line":21,"column":2},"end":{"line":23,"column":23}},"locations":[{"start":{"line":21,"column":2},"end":{"line":23,"column":23}}]},"7":{"type":"branch","line":23,"loc":{"start":{"line":23,"column":23},"end":{"line":25,"column":3}},"locations":[{"start":{"line":23,"column":23},"end":{"line":25,"column":3}}]},"8":{"type":"branch","line":28,"loc":{"start":{"line":28,"column":1},"end":{"line":30,"column":2}},"locations":[{"start":{"line":28,"column":1},"end":{"line":30,"column":2}}]},"9":{"type":"branch","line":32,"loc":{"start":{"line":32,"column":1},"end":{"line":34,"column":2}},"locations":[{"start":{"line":32,"column":1},"end":{"line":34,"column":2}}]},"10":{"type":"branch","line":36,"loc":{"start":{"line":36,"column":1},"end":{"line":38,"column":2}},"locations":[{"start":{"line":36,"column":1},"end":{"line":38,"column":2}}]}},"b":{"0":[7],"1":[7],"2":[7],"3":[1],"4":[6],"5":[1],"6":[5],"7":[2],"8":[3],"9":[1],"10":[1]},"fnMap":{"0":{"name":"<instance_members_initializer>","decl":{"start":{"line":1,"column":15},"end":{"line":39,"column":1}},"loc":{"start":{"line":1,"column":15},"end":{"line":39,"column":1}},"line":1},"1":{"name":"OrderItem","decl":{"start":{"line":6,"column":1},"end":{"line":12,"column":2}},"loc":{"start":{"line":6,"column":1},"end":{"line":12,"column":2}},"line":6},"2":{"name":"validate","decl":{"start":{"line":14,"column":1},"end":{"line":26,"column":2}},"loc":{"start":{"line":14,"column":1},"end":{"line":26,"column":2}},"line":14},"3":{"name":"get Price","decl":{"start":{"line":28,"column":1},"end":{"line":30,"column":2}},"loc":{"start":{"line":28,"column":1},"end":{"line":30,"column":2}},"line":28},"4":{"name":"get Id","decl":{"start":{"line":32,"column":1},"end":{"line":34,"column":2}},"loc":{"start":{"line":32,"column":1},"end":{"line":34,"column":2}},"line":32},"5":{"name":"get Name","decl":{"start":{"line":36,"column":1},"end":{"line":38,"column":2}},"loc":{"start":{"line":36,"column":1},"end":{"line":38,"column":2}},"line":36}},"f":{"0":7,"1":7,"2":7,"3":3,"4":1,"5":1}}
}
