TN:
SF:src/entity/address.ts
FN:1,<instance_members_initializer>
FN:7,Address
FN:16,validate
FNF:3
FNH:3
FNDA:6,<instance_members_initializer>
FNDA:6,Address
FNDA:6,validate
DA:1,1
DA:2,6
DA:3,6
DA:4,6
DA:5,6
DA:6,6
DA:7,6
DA:8,6
DA:9,6
DA:10,6
DA:11,6
DA:12,6
DA:13,6
DA:14,6
DA:15,6
DA:16,6
DA:17,6
DA:18,1
DA:19,1
DA:20,6
DA:21,1
DA:22,1
DA:23,6
DA:24,1
DA:25,1
DA:26,6
DA:27,1
DA:28,1
DA:29,6
DA:30,6
LF:30
LH:30
BRDA:1,0,0,6
BRDA:7,1,0,6
BRDA:16,2,0,6
BRDA:17,3,0,1
BRDA:19,4,0,5
BRDA:20,5,0,1
BRDA:22,6,0,4
BRDA:23,7,0,1
BRDA:25,8,0,3
BRDA:26,9,0,1
BRF:10
BRH:10
end_of_record
TN:
SF:src/entity/customer.ts
FN:3,<instance_members_initializer>
FN:9,Customer
FN:17,validate
FN:26,ChangeName
FN:31,get Name
FN:35,set Address
FN:39,get IsActive
FN:43,Activate
FN:51,Deactivate
FNF:9
FNH:9
FNDA:7,<instance_members_initializer>
FNDA:7,Customer
FNDA:9,validate
FNDA:2,ChangeName
FNDA:1,get Name
FNDA:1,set Address
FNDA:2,get IsActive
FNDA:2,Activate
FNDA:2,Deactivate
DA:1,1
DA:2,1
DA:3,1
DA:4,7
DA:5,7
DA:6,7
DA:7,7
DA:8,7
DA:9,7
DA:10,7
DA:11,7
DA:12,7
DA:13,7
DA:14,7
DA:15,7
DA:16,7
DA:17,7
DA:18,9
DA:19,1
DA:20,1
DA:21,9
DA:22,2
DA:23,2
DA:24,9
DA:25,7
DA:26,7
DA:27,2
DA:28,2
DA:29,2
DA:30,7
DA:31,7
DA:32,1
DA:33,1
DA:34,7
DA:35,7
DA:36,1
DA:37,1
DA:38,7
DA:39,7
DA:40,2
DA:41,2
DA:42,7
DA:43,7
DA:44,2
DA:45,1
DA:46,1
DA:47,1
DA:48,1
DA:49,1
DA:50,7
DA:51,7
DA:52,2
DA:53,2
DA:54,7
LF:54
LH:54
BRDA:3,0,0,7
BRDA:9,1,0,7
BRDA:17,2,0,9
BRDA:18,3,0,1
BRDA:20,4,0,8
BRDA:21,5,0,2
BRDA:26,6,0,2
BRDA:31,7,0,1
BRDA:35,8,0,1
BRDA:39,9,0,2
BRDA:43,10,0,2
BRDA:44,11,0,1
BRDA:51,12,0,2
BRF:13
BRH:13
end_of_record
TN:
SF:src/entity/order.ts
FN:3,<instance_members_initializer>
FN:9,Order
FN:18,validate
FN:32,get Total
FNF:4
FNH:4
FNDA:4,<instance_members_initializer>
FNDA:4,Order
FNDA:4,validate
FNDA:1,get Total
DA:1,1
DA:2,1
DA:3,1
DA:4,4
DA:5,4
DA:6,4
DA:7,4
DA:8,4
DA:9,4
DA:10,4
DA:11,4
DA:12,4
DA:13,4
DA:14,4
DA:15,4
DA:16,4
DA:17,4
DA:18,4
DA:19,4
DA:20,1
DA:21,1
DA:22,3
DA:23,4
DA:24,1
DA:25,1
DA:26,2
DA:27,4
DA:28,1
DA:29,1
DA:30,4
DA:31,4
DA:32,4
DA:33,1
DA:34,1
DA:35,4
LF:35
LH:35
BRDA:3,0,0,4
BRDA:9,1,0,4
BRDA:13,2,0,2
BRDA:18,3,0,4
BRDA:19,4,0,1
BRDA:21,5,0,3
BRDA:23,6,0,1
BRDA:25,7,0,2
BRDA:27,8,0,1
BRDA:32,9,0,1
BRF:10
BRH:10
end_of_record
TN:
SF:src/entity/order_item.ts
FN:1,<instance_members_initializer>
FN:6,OrderItem
FN:14,validate
FN:28,get Price
FN:32,get Id
FN:36,get Name
FNF:6
FNH:6
FNDA:7,<instance_members_initializer>
FNDA:7,OrderItem
FNDA:7,validate
FNDA:3,get Price
FNDA:1,get Id
FNDA:1,get Name
DA:1,1
DA:2,7
DA:3,7
DA:4,7
DA:5,7
DA:6,7
DA:7,7
DA:8,7
DA:9,7
DA:10,7
DA:11,7
DA:12,7
DA:13,7
DA:14,7
DA:15,7
DA:16,1
DA:17,1
DA:18,6
DA:19,7
DA:20,1
DA:21,1
DA:22,5
DA:23,7
DA:24,2
DA:25,2
DA:26,7
DA:27,7
DA:28,7
DA:29,3
DA:30,3
DA:31,7
DA:32,7
DA:33,1
DA:34,1
DA:35,7
DA:36,7
DA:37,1
DA:38,1
DA:39,7
LF:39
LH:39
BRDA:1,0,0,7
BRDA:6,1,0,7
BRDA:14,2,0,7
BRDA:15,3,0,1
BRDA:17,4,0,6
BRDA:19,5,0,1
BRDA:21,6,0,5
BRDA:23,7,0,2
BRDA:28,8,0,3
BRDA:32,9,0,1
BRDA:36,10,0,1
BRF:11
BRH:11
end_of_record
